<?xml version="1.0" encoding="UTF-8"?>
<testng-results ignored="0" total="1" passed="0" failed="1" skipped="0">
  <reporter-output>
    <line>
      <![CDATA[---DataBasc connection established---]]>
    </line>
    <line>
      <![CDATA[Browser got Launched]]>
    </line>
    <line>
      <![CDATA[Logged in successfully]]>
    </line>
    <line>
      <![CDATA[Logged out successfully]]>
    </line>
    <line>
      <![CDATA[Browser got closed successfully]]>
    </line>
    <line>
      <![CDATA[---DataBasc Connection Disconnected---]]>
    </line>
  </reporter-output>
  <suite started-at="2025-04-04T20:29:39 IST" name="Default suite" finished-at="2025-04-04T20:31:10 IST" duration-ms="90588">
    <groups>
      <group name="smoke">
        <method signature="ToCreateContactTest.toCreateContact_001()[pri:0, instance:contactTests.ToCreateContactTest@6f1de4c7]" name="toCreateContact_001" class="contactTests.ToCreateContactTest"/>
      </group> <!-- smoke -->
    </groups>
    <test started-at="2025-04-04T20:29:39 IST" name="Default test" finished-at="2025-04-04T20:31:10 IST" duration-ms="90588">
      <class name="contactTests.ToCreateContactTest">
        <test-method is-config="true" signature="beforeSuiteConfiguration()[pri:0, instance:contactTests.ToCreateContactTest@6f1de4c7]" started-at="2025-04-04T20:29:39 IST" name="beforeSuiteConfiguration" finished-at="2025-04-04T20:29:39 IST" duration-ms="23" status="PASS">
          <reporter-output>
            <line>
              <![CDATA[---DataBasc connection established---]]>
            </line>
          </reporter-output>
        </test-method> <!-- beforeSuiteConfiguration -->
        <test-method is-config="true" signature="beforeClassConfiguration()[pri:0, instance:contactTests.ToCreateContactTest@6f1de4c7]" started-at="2025-04-04T20:29:42 IST" name="beforeClassConfiguration" finished-at="2025-04-04T20:29:55 IST" duration-ms="13715" status="PASS">
          <reporter-output>
            <line>
              <![CDATA[Browser got Launched]]>
            </line>
          </reporter-output>
        </test-method> <!-- beforeClassConfiguration -->
        <test-method is-config="true" signature="beforeMethodConfiguration()[pri:0, instance:contactTests.ToCreateContactTest@6f1de4c7]" started-at="2025-04-04T20:29:55 IST" name="beforeMethodConfiguration" finished-at="2025-04-04T20:30:13 IST" duration-ms="17455" status="PASS">
          <reporter-output>
            <line>
              <![CDATA[Logged in successfully]]>
            </line>
          </reporter-output>
        </test-method> <!-- beforeMethodConfiguration -->
        <test-method signature="toCreateContact_001()[pri:0, instance:contactTests.ToCreateContactTest@6f1de4c7]" started-at="2025-04-04T20:30:13 IST" name="toCreateContact_001" finished-at="2025-04-04T20:31:06 IST" duration-ms="52924" status="FAIL">
          <exception class="java.lang.AssertionError">
            <message>
              <![CDATA[null]]>
            </message>
            <full-stacktrace>
              <![CDATA[java.lang.AssertionError: null
at org.testng.Assert.fail(Assert.java:99)
at org.testng.Assert.fail(Assert.java:106)
at contactTests.ToCreateContactTest.toCreateContact_001(ToCreateContactTest.java:32)
at java.base/jdk.internal.reflect.DirectMethodHandleAccessor.invoke(DirectMethodHandleAccessor.java:103)
at java.base/java.lang.reflect.Method.invoke(Method.java:580)
at org.testng.internal.MethodInvocationHelper.invokeMethod(MethodInvocationHelper.java:133)
at org.testng.internal.TestInvoker.invokeMethod(TestInvoker.java:598)
at org.testng.internal.TestInvoker.invokeTestMethod(TestInvoker.java:173)
at org.testng.internal.MethodRunner.runInSequence(MethodRunner.java:46)
at org.testng.internal.TestInvoker$MethodInvocationAgent.invoke(TestInvoker.java:824)
at org.testng.internal.TestInvoker.invokeTestMethods(TestInvoker.java:146)
at org.testng.internal.TestMethodWorker.invokeTestMethods(TestMethodWorker.java:146)
at org.testng.internal.TestMethodWorker.run(TestMethodWorker.java:128)
at java.base/java.util.ArrayList.forEach(ArrayList.java:1597)
at org.testng.TestRunner.privateRun(TestRunner.java:794)
at org.testng.TestRunner.run(TestRunner.java:596)
at org.testng.SuiteRunner.runTest(SuiteRunner.java:377)
at org.testng.SuiteRunner.runSequentially(SuiteRunner.java:371)
at org.testng.SuiteRunner.privateRun(SuiteRunner.java:332)
at org.testng.SuiteRunner.run(SuiteRunner.java:276)
at org.testng.SuiteRunnerWorker.runSuite(SuiteRunnerWorker.java:53)
at org.testng.SuiteRunnerWorker.run(SuiteRunnerWorker.java:96)
at org.testng.TestNG.runSuitesSequentially(TestNG.java:1212)
at org.testng.TestNG.runSuitesLocally(TestNG.java:1134)
at org.testng.TestNG.runSuites(TestNG.java:1063)
at org.testng.TestNG.run(TestNG.java:1031)
at org.testng.remote.AbstractRemoteTestNG.run(AbstractRemoteTestNG.java:115)
at org.testng.remote.RemoteTestNG.initAndRun(RemoteTestNG.java:293)
at org.testng.remote.RemoteTestNG.main(RemoteTestNG.java:91)
]]>
            </full-stacktrace>
          </exception> <!-- java.lang.AssertionError -->
          <reporter-output>
          </reporter-output>
        </test-method> <!-- toCreateContact_001 -->
        <test-method is-config="true" signature="afterMethodConfiguration()[pri:0, instance:contactTests.ToCreateContactTest@6f1de4c7]" started-at="2025-04-04T20:31:06 IST" name="afterMethodConfiguration" finished-at="2025-04-04T20:31:09 IST" duration-ms="3085" status="PASS">
          <reporter-output>
            <line>
              <![CDATA[Logged out successfully]]>
            </line>
          </reporter-output>
        </test-method> <!-- afterMethodConfiguration -->
        <test-method is-config="true" signature="afterClassConfiguration()[pri:0, instance:contactTests.ToCreateContactTest@6f1de4c7]" started-at="2025-04-04T20:31:09 IST" name="afterClassConfiguration" finished-at="2025-04-04T20:31:10 IST" duration-ms="886" status="PASS">
          <reporter-output>
            <line>
              <![CDATA[Browser got closed successfully]]>
            </line>
          </reporter-output>
        </test-method> <!-- afterClassConfiguration -->
        <test-method is-config="true" signature="afterSuiteConfiguration()[pri:0, instance:contactTests.ToCreateContactTest@6f1de4c7]" started-at="2025-04-04T20:31:11 IST" name="afterSuiteConfiguration" finished-at="2025-04-04T20:31:11 IST" duration-ms="0" status="PASS">
          <reporter-output>
            <line>
              <![CDATA[---DataBasc Connection Disconnected---]]>
            </line>
          </reporter-output>
        </test-method> <!-- afterSuiteConfiguration -->
      </class> <!-- contactTests.ToCreateContactTest -->
    </test> <!-- Default test -->
  </suite> <!-- Default suite -->
</testng-results>
